[10-Aug-2015 17:10:51] PHP Notice:  Undefined index: email in /var/www/2.0/php/process.php on line 4
[10-Aug-2015 17:10:51] PHP Notice:  Undefined index: name in /var/www/2.0/php/process.php on line 5
[10-Aug-2015 17:10:51] PHP Notice:  Undefined index: name in /var/www/2.0/php/process.php on line 14
[10-Aug-2015 17:10:51] PHP Notice:  Undefined index: email in /var/www/2.0/php/process.php on line 14
[10-Aug-2015 17:10:51] PHP Notice:  Undefined index: message in /var/www/2.0/php/process.php on line 14
[10-Aug-2015 17:14:09] PHP Notice:  Undefined index: email in /var/www/2.0/php/process.php on line 4
[10-Aug-2015 17:14:09] PHP Notice:  Undefined index: name in /var/www/2.0/php/process.php on line 5
[10-Aug-2015 17:14:09] PHP Notice:  Undefined index: name in /var/www/2.0/php/process.php on line 14
[10-Aug-2015 17:14:09] PHP Notice:  Undefined index: email in /var/www/2.0/php/process.php on line 14
[10-Aug-2015 17:14:09] PHP Notice:  Undefined index: message in /var/www/2.0/php/process.php on line 14
[10-Aug-2015 17:31:51] PHP Notice:  Undefined index: email in /var/www/2.0/php/process.php on line 4
[10-Aug-2015 17:31:51] PHP Notice:  Undefined index: name in /var/www/2.0/php/process.php on line 5
[10-Aug-2015 17:31:51] PHP Notice:  Undefined index: name in /var/www/2.0/php/process.php on line 14
[10-Aug-2015 17:31:51] PHP Notice:  Undefined index: email in /var/www/2.0/php/process.php on line 14
[10-Aug-2015 17:31:51] PHP Notice:  Undefined index: message in /var/www/2.0/php/process.php on line 14
[12-Aug-2015 10:55:27] PHP Notice:  Undefined index: email in /var/www/2.0/php/process.php on line 4
[12-Aug-2015 10:55:27] PHP Notice:  Undefined index: name in /var/www/2.0/php/process.php on line 5
[12-Aug-2015 10:55:27] PHP Notice:  Undefined index: name in /var/www/2.0/php/process.php on line 14
[12-Aug-2015 10:55:27] PHP Notice:  Undefined index: email in /var/www/2.0/php/process.php on line 14
[12-Aug-2015 10:55:27] PHP Notice:  Undefined index: message in /var/www/2.0/php/process.php on line 14
[26-Aug-2015 14:16:03] PHP Notice:  Undefined index: email in /var/www/2.0/php/process.php on line 4
[26-Aug-2015 14:16:03] PHP Notice:  Undefined index: name in /var/www/2.0/php/process.php on line 5
[26-Aug-2015 14:16:03] PHP Notice:  Undefined index: name in /var/www/2.0/php/process.php on line 14
[26-Aug-2015 14:16:03] PHP Notice:  Undefined index: email in /var/www/2.0/php/process.php on line 14
[26-Aug-2015 14:16:03] PHP Notice:  Undefined index: message in /var/www/2.0/php/process.php on line 14
[27-Aug-2015 17:26:44] PHP Notice:  Undefined index: email in /var/www/2.0/php/process.php on line 4
[27-Aug-2015 17:26:44] PHP Notice:  Undefined index: name in /var/www/2.0/php/process.php on line 5
[27-Aug-2015 17:26:44] PHP Notice:  Undefined index: name in /var/www/2.0/php/process.php on line 14
[27-Aug-2015 17:26:44] PHP Notice:  Undefined index: email in /var/www/2.0/php/process.php on line 14
[27-Aug-2015 17:26:44] PHP Notice:  Undefined index: message in /var/www/2.0/php/process.php on line 14
[30-Aug-2015 00:37:07] PHP Notice:  Undefined index: email in /var/www/2.0/php/process.php on line 4
[30-Aug-2015 00:37:07] PHP Notice:  Undefined index: name in /var/www/2.0/php/process.php on line 5
[30-Aug-2015 00:37:07] PHP Notice:  Undefined index: name in /var/www/2.0/php/process.php on line 14
[30-Aug-2015 00:37:07] PHP Notice:  Undefined index: email in /var/www/2.0/php/process.php on line 14
[30-Aug-2015 00:37:07] PHP Notice:  Undefined index: message in /var/www/2.0/php/process.php on line 14
[22-Sep-2015 08:52:33] PHP Notice:  Undefined index: email in /var/www/2.0/php/process.php on line 4
[22-Sep-2015 08:52:33] PHP Notice:  Undefined index: name in /var/www/2.0/php/process.php on line 5
[22-Sep-2015 08:52:33] PHP Notice:  Undefined index: name in /var/www/2.0/php/process.php on line 14
[22-Sep-2015 08:52:33] PHP Notice:  Undefined index: email in /var/www/2.0/php/process.php on line 14
[22-Sep-2015 08:52:33] PHP Notice:  Undefined index: message in /var/www/2.0/php/process.php on line 14
